2023-02-28T03:06:02+00:00 CRITICAL syntax error, unexpected end of file in /var/www/html/integrated-theme/wp-content/themes/foodka/content-blog.php on line 143

2023-02-28T03:40:34+00:00 CRITICAL Uncaught Error: Call to undefined function shop_url() in /var/www/html/integrated-theme/wp-content/themes/foodka/front-page.php:17
Stack trace:
#0 /var/www/html/integrated-theme/wp-includes/template-loader.php(106): include()
#1 /var/www/html/integrated-theme/wp-blog-header.php(19): require_once('...')
#2 /var/www/html/integrated-theme/index.php(17): require('...')
#3 {main}
  thrown in /var/www/html/integrated-theme/wp-content/themes/foodka/front-page.php on line 17

2023-02-28T03:40:35+00:00 CRITICAL Uncaught Error: Call to undefined function shop_url() in /var/www/html/integrated-theme/wp-content/themes/foodka/front-page.php:17
Stack trace:
#0 /var/www/html/integrated-theme/wp-includes/template-loader.php(106): include()
#1 /var/www/html/integrated-theme/wp-blog-header.php(19): require_once('...')
#2 /var/www/html/integrated-theme/index.php(17): require('...')
#3 {main}
  thrown in /var/www/html/integrated-theme/wp-content/themes/foodka/front-page.php on line 17

2023-02-28T03:41:12+00:00 CRITICAL Uncaught Error: Call to undefined function shop_url() in /var/www/html/integrated-theme/wp-content/themes/foodka/front-page.php:17
Stack trace:
#0 /var/www/html/integrated-theme/wp-includes/template-loader.php(106): include()
#1 /var/www/html/integrated-theme/wp-blog-header.php(19): require_once('...')
#2 /var/www/html/integrated-theme/index.php(17): require('...')
#3 {main}
  thrown in /var/www/html/integrated-theme/wp-content/themes/foodka/front-page.php on line 17

2023-02-28T03:41:13+00:00 CRITICAL Uncaught Error: Call to undefined function shop_url() in /var/www/html/integrated-theme/wp-content/themes/foodka/front-page.php:17
Stack trace:
#0 /var/www/html/integrated-theme/wp-includes/template-loader.php(106): include()
#1 /var/www/html/integrated-theme/wp-blog-header.php(19): require_once('...')
#2 /var/www/html/integrated-theme/index.php(17): require('...')
#3 {main}
  thrown in /var/www/html/integrated-theme/wp-content/themes/foodka/front-page.php on line 17

